<?xml version="1.0" encoding="UTF-8"?>
<!-- Generated by org.testng.reporters.JUnitReportReporter -->
<testsuite skipped="0" hostname="DESKTOP-9U7KF4V" name="com.crm.Practise.PracitseGitHub$Practise1Test" tests="1" failures="0" timestamp="11 Nov 2021 11:19:23 GMT" time="0.019" errors="0">
  <testcase name="Clea2n" time="0.019" classname="com.crm.Practise.PracitseGitHub$Practise1Test"/>
</testsuite> <!-- com.crm.Practise.PracitseGitHub$Practise1Test -->
